<?xml version="1.0" encoding="UTF-8"?>
<!-- Generated by org.testng.reporters.JUnitReportReporter -->
<testsuite hostname="Puneets-MacBook-Pro.local" name="com.lps.qa.tests.testcase" tests="1" failures="0" timestamp="1 Jul 2019 13:33:36 GMT" time="8.943" errors="0">
  <testcase name="login" time="8.943" classname="com.lps.qa.tests.testcase"/>
</testsuite> <!-- com.lps.qa.tests.testcase -->
